# JRE version: OpenJDK Runtime Environment (17.0.10) (build 17.0.10+0--11609105)
# Java VM: OpenJDK 64-Bit Server VM (17.0.10+0--11609105, mixed mode, tiered, compressed oops, compressed class ptrs, g1 gc, windows-amd64)
GC Precious Log:
 CPUs: 4 total, 4 available
 Memory: 8058M
 Large Page Support: Disabled
 NUMA Support: Disabled
 Compressed Oops: Enabled (32-bit)
 Heap Region Size: 1M
 Heap Min Capacity: 8M
 Heap Initial Capacity: 126M
 Heap Max Capacity: 2016M
 Pre-touch: Disabled
 Parallel Workers: 4
 Concurrent Workers: 1
 Concurrent Refinement Workers: 4
 Periodic GC: Disabled
Heap:
 garbage-first heap   total 131072K, used 58759K [0x0000000082000000, 0x0000000100000000)
  region size 1024K, 6 young (6144K), 6 survivors (6144K)
 Metaspace       used 75844K, committed 76096K, reserved 1179648K
  class space    used 8572K, committed 8704K, reserved 1048576K
GC Heap History (20 events):
Event: 4.010 GC heap after
{Heap after GC invocations=15 (full 0):
 garbage-first heap   total 58368K, used 28878K [0x0000000082000000, 0x0000000100000000)
  region size 1024K, 1 young (1024K), 1 survivors (1024K)
 Metaspace       used 47046K, committed 47296K, reserved 1114112K
  class space    used 5727K, committed 5824K, reserved 1048576K
}
Event: 4.059 GC heap before
{Heap before GC invocations=15 (full 0):
 garbage-first heap   total 58368K, used 29902K [0x0000000082000000, 0x0000000100000000)
  region size 1024K, 2 young (2048K), 1 survivors (1024K)
 Metaspace       used 47229K, committed 47424K, reserved 1114112K
  class space    used 5742K, committed 5824K, reserved 1048576K
}
Event: 4.067 GC heap after
{Heap after GC invocations=16 (full 0):
 garbage-first heap   total 75776K, used 26834K [0x0000000082000000, 0x0000000100000000)
  region size 1024K, 1 young (1024K), 1 survivors (1024K)
 Metaspace       used 47229K, committed 47424K, reserved 1114112K
  class space    used 5742K, committed 5824K, reserved 1048576K
}
Event: 4.758 GC heap before
{Heap before GC invocations=16 (full 0):
 garbage-first heap   total 75776K, used 57554K [0x0000000082000000, 0x0000000100000000)
  region size 1024K, 31 young (31744K), 1 survivors (1024K)
 Metaspace       used 51170K, committed 51392K, reserved 1114112K
  class space    used 6173K, committed 6272K, reserved 1048576K
}
Event: 4.770 GC heap after
{Heap after GC invocations=17 (full 0):
 garbage-first heap   total 75776K, used 32958K [0x0000000082000000, 0x0000000100000000)
  region size 1024K, 4 young (4096K), 4 survivors (4096K)
 Metaspace       used 51170K, committed 51392K, reserved 1114112K
  class space    used 6173K, committed 6272K, reserved 1048576K
}
Event: 5.558 GC heap before
{Heap before GC invocations=17 (full 0):
 garbage-first heap   total 75776K, used 56510K [0x0000000082000000, 0x0000000100000000)
  region size 1024K, 27 young (27648K), 4 survivors (4096K)
 Metaspace       used 52618K, committed 52800K, reserved 1114112K
  class space    used 6247K, committed 6336K, reserved 1048576K
}
Event: 5.575 GC heap after
{Heap after GC invocations=18 (full 0):
 garbage-first heap   total 75776K, used 37381K [0x0000000082000000, 0x0000000100000000)
  region size 1024K, 4 young (4096K), 4 survivors (4096K)
 Metaspace       used 52618K, committed 52800K, reserved 1114112K
  class space    used 6247K, committed 6336K, reserved 1048576K
}
Event: 5.946 GC heap before
{Heap before GC invocations=18 (full 0):
 garbage-first heap   total 75776K, used 57861K [0x0000000082000000, 0x0000000100000000)
  region size 1024K, 24 young (24576K), 4 survivors (4096K)
 Metaspace       used 52914K, committed 53120K, reserved 1114112K
  class space    used 6257K, committed 6336K, reserved 1048576K
}
Event: 5.964 GC heap after
{Heap after GC invocations=19 (full 0):
 garbage-first heap   total 75776K, used 41623K [0x0000000082000000, 0x0000000100000000)
  region size 1024K, 3 young (3072K), 3 survivors (3072K)
 Metaspace       used 52914K, committed 53120K, reserved 1114112K
  class space    used 6257K, committed 6336K, reserved 1048576K
}
Event: 6.242 GC heap before
{Heap before GC invocations=19 (full 0):
 garbage-first heap   total 75776K, used 56983K [0x0000000082000000, 0x0000000100000000)
  region size 1024K, 19 young (19456K), 3 survivors (3072K)
 Metaspace       used 54352K, committed 54592K, reserved 1114112K
  class space    used 6446K, committed 6528K, reserved 1048576K
}
Event: 6.253 GC heap after
{Heap after GC invocations=20 (full 0):
 garbage-first heap   total 118784K, used 43908K [0x0000000082000000, 0x0000000100000000)
  region size 1024K, 2 young (2048K), 2 survivors (2048K)
 Metaspace       used 54352K, committed 54592K, reserved 1114112K
  class space    used 6446K, committed 6528K, reserved 1048576K
}
Event: 7.838 GC heap before
{Heap before GC invocations=21 (full 0):
 garbage-first heap   total 118784K, used 84868K [0x0000000082000000, 0x0000000100000000)
  region size 1024K, 42 young (43008K), 2 survivors (2048K)
 Metaspace       used 58556K, committed 58816K, reserved 1114112K
  class space    used 6813K, committed 6912K, reserved 1048576K
}
Event: 7.855 GC heap after
{Heap after GC invocations=22 (full 0):
 garbage-first heap   total 118784K, used 48730K [0x0000000082000000, 0x0000000100000000)
  region size 1024K, 6 young (6144K), 6 survivors (6144K)
 Metaspace       used 58556K, committed 58816K, reserved 1114112K
  class space    used 6813K, committed 6912K, reserved 1048576K
}
Event: 7.901 GC heap before
{Heap before GC invocations=22 (full 0):
 garbage-first heap   total 118784K, used 48730K [0x0000000082000000, 0x0000000100000000)
  region size 1024K, 7 young (7168K), 6 survivors (6144K)
 Metaspace       used 58721K, committed 58944K, reserved 1114112K
  class space    used 6819K, committed 6912K, reserved 1048576K
}
Event: 7.911 GC heap after
{Heap after GC invocations=23 (full 0):
 garbage-first heap   total 118784K, used 49168K [0x0000000082000000, 0x0000000100000000)
  region size 1024K, 1 young (1024K), 1 survivors (1024K)
 Metaspace       used 58721K, committed 58944K, reserved 1114112K
  class space    used 6819K, committed 6912K, reserved 1048576K
}
Event: 8.857 GC heap before
{Heap before GC invocations=23 (full 0):
 garbage-first heap   total 118784K, used 88080K [0x0000000082000000, 0x0000000100000000)
  region size 1024K, 39 young (39936K), 1 survivors (1024K)
 Metaspace       used 65218K, committed 65472K, reserved 1114112K
  class space    used 7467K, committed 7552K, reserved 1048576K
}
Event: 8.869 GC heap after
{Heap after GC invocations=24 (full 0):
 garbage-first heap   total 118784K, used 51387K [0x0000000082000000, 0x0000000100000000)
  region size 1024K, 4 young (4096K), 4 survivors (4096K)
 Metaspace       used 65218K, committed 65472K, reserved 1114112K
  class space    used 7467K, committed 7552K, reserved 1048576K
}
Event: 9.739 GC heap before
{Heap before GC invocations=24 (full 0):
 garbage-first heap   total 118784K, used 90299K [0x0000000082000000, 0x0000000100000000)
  region size 1024K, 42 young (43008K), 4 survivors (4096K)
 Metaspace       used 74117K, committed 74368K, reserved 1179648K
  class space    used 8444K, committed 8576K, reserved 1048576K
}
Event: 9.752 GC heap after
{Heap after GC invocations=25 (full 0):
 garbage-first heap   total 118784K, used 54083K [0x0000000082000000, 0x0000000100000000)
  region size 1024K, 6 young (6144K), 6 survivors (6144K)
 Metaspace       used 74117K, committed 74368K, reserved 1179648K
  class space    used 8444K, committed 8576K, reserved 1048576K
}
Event: 10.496 GC heap before
{Heap before GC invocations=25 (full 0):
 garbage-first heap   total 118784K, used 91971K [0x0000000082000000, 0x0000000100000000)
  region size 1024K, 43 young (44032K), 6 survivors (6144K)
 Metaspace       used 75844K, committed 76096K, reserved 1179648K
  class space    used 8572K, committed 8704K, reserved 1048576K
}

