# JRE version: OpenJDK Runtime Environment (17.0.10) (build 17.0.10+0--11609105)
# Java VM: OpenJDK 64-Bit Server VM (17.0.10+0--11609105, mixed mode, tiered, compressed oops, compressed class ptrs, g1 gc, windows-amd64)
GC Precious Log:
 CPUs: 4 total, 4 available
 Memory: 8058M
 Large Page Support: Disabled
 NUMA Support: Disabled
 Compressed Oops: Enabled (32-bit)
 Heap Region Size: 1M
 Heap Min Capacity: 8M
 Heap Initial Capacity: 126M
 Heap Max Capacity: 2016M
 Pre-touch: Disabled
 Parallel Workers: 4
 Concurrent Workers: 1
 Concurrent Refinement Workers: 4
 Periodic GC: Disabled
Heap:
 garbage-first heap   total 129024K, used 51563K [0x0000000082000000, 0x0000000100000000)
  region size 1024K, 5 young (5120K), 5 survivors (5120K)
 Metaspace       used 62377K, committed 62592K, reserved 1114112K
  class space    used 7179K, committed 7296K, reserved 1048576K
GC Heap History (20 events):
Event: 5.002 GC heap after
{Heap after GC invocations=8 (full 0):
 garbage-first heap   total 54272K, used 18739K [0x0000000082000000, 0x0000000100000000)
  region size 1024K, 2 young (2048K), 2 survivors (2048K)
 Metaspace       used 35968K, committed 36160K, reserved 1114112K
  class space    used 4539K, committed 4672K, reserved 1048576K
}
Event: 5.318 GC heap before
{Heap before GC invocations=9 (full 0):
 garbage-first heap   total 54272K, used 37171K [0x0000000082000000, 0x0000000100000000)
  region size 1024K, 20 young (20480K), 2 survivors (2048K)
 Metaspace       used 39726K, committed 39936K, reserved 1114112K
  class space    used 4882K, committed 4992K, reserved 1048576K
}
Event: 5.323 GC heap after
{Heap after GC invocations=10 (full 0):
 garbage-first heap   total 54272K, used 20663K [0x0000000082000000, 0x0000000100000000)
  region size 1024K, 3 young (3072K), 3 survivors (3072K)
 Metaspace       used 39726K, committed 39936K, reserved 1114112K
  class space    used 4882K, committed 4992K, reserved 1048576K
}
Event: 5.337 GC heap before
{Heap before GC invocations=10 (full 0):
 garbage-first heap   total 54272K, used 20663K [0x0000000082000000, 0x0000000100000000)
  region size 1024K, 4 young (4096K), 3 survivors (3072K)
 Metaspace       used 39913K, committed 40064K, reserved 1114112K
  class space    used 4906K, committed 4992K, reserved 1048576K
}
Event: 5.344 GC heap after
{Heap after GC invocations=11 (full 0):
 garbage-first heap   total 54272K, used 20526K [0x0000000082000000, 0x0000000100000000)
  region size 1024K, 1 young (1024K), 1 survivors (1024K)
 Metaspace       used 39913K, committed 40064K, reserved 1114112K
  class space    used 4906K, committed 4992K, reserved 1048576K
}
Event: 5.792 GC heap before
{Heap before GC invocations=11 (full 0):
 garbage-first heap   total 54272K, used 38958K [0x0000000082000000, 0x0000000100000000)
  region size 1024K, 19 young (19456K), 1 survivors (1024K)
 Metaspace       used 44243K, committed 44416K, reserved 1114112K
  class space    used 5404K, committed 5504K, reserved 1048576K
}
Event: 5.798 GC heap after
{Heap after GC invocations=12 (full 0):
 garbage-first heap   total 54272K, used 21550K [0x0000000082000000, 0x0000000100000000)
  region size 1024K, 2 young (2048K), 2 survivors (2048K)
 Metaspace       used 44243K, committed 44416K, reserved 1114112K
  class space    used 5404K, committed 5504K, reserved 1048576K
}
Event: 6.217 GC heap before
{Heap before GC invocations=12 (full 0):
 garbage-first heap   total 54272K, used 43054K [0x0000000082000000, 0x0000000100000000)
  region size 1024K, 20 young (20480K), 2 survivors (2048K)
 Metaspace       used 46452K, committed 46656K, reserved 1114112K
  class space    used 5666K, committed 5760K, reserved 1048576K
}
Event: 6.228 GC heap after
{Heap after GC invocations=13 (full 0):
 garbage-first heap   total 54272K, used 27033K [0x0000000082000000, 0x0000000100000000)
  region size 1024K, 3 young (3072K), 3 survivors (3072K)
 Metaspace       used 46452K, committed 46656K, reserved 1114112K
  class space    used 5666K, committed 5760K, reserved 1048576K
}
Event: 6.409 GC heap before
{Heap before GC invocations=13 (full 0):
 garbage-first heap   total 54272K, used 40345K [0x0000000082000000, 0x0000000100000000)
  region size 1024K, 16 young (16384K), 3 survivors (3072K)
 Metaspace       used 46505K, committed 46720K, reserved 1114112K
  class space    used 5666K, committed 5760K, reserved 1048576K
}
Event: 6.420 GC heap after
{Heap after GC invocations=14 (full 0):
 garbage-first heap   total 108544K, used 28958K [0x0000000082000000, 0x0000000100000000)
  region size 1024K, 2 young (2048K), 2 survivors (2048K)
 Metaspace       used 46505K, committed 46720K, reserved 1114112K
  class space    used 5666K, committed 5760K, reserved 1048576K
}
Event: 7.718 GC heap before
{Heap before GC invocations=15 (full 0):
 garbage-first heap   total 108544K, used 82206K [0x0000000082000000, 0x0000000100000000)
  region size 1024K, 54 young (55296K), 2 survivors (2048K)
 Metaspace       used 52154K, committed 52416K, reserved 1114112K
  class space    used 6231K, committed 6336K, reserved 1048576K
}
Event: 7.741 GC heap after
{Heap after GC invocations=16 (full 0):
 garbage-first heap   total 108544K, used 36778K [0x0000000082000000, 0x0000000100000000)
  region size 1024K, 7 young (7168K), 7 survivors (7168K)
 Metaspace       used 52154K, committed 52416K, reserved 1114112K
  class space    used 6231K, committed 6336K, reserved 1048576K
}
Event: 7.781 GC heap before
{Heap before GC invocations=16 (full 0):
 garbage-first heap   total 108544K, used 37802K [0x0000000082000000, 0x0000000100000000)
  region size 1024K, 8 young (8192K), 7 survivors (7168K)
 Metaspace       used 52228K, committed 52480K, reserved 1114112K
  class space    used 6231K, committed 6336K, reserved 1048576K
}
Event: 7.797 GC heap after
{Heap after GC invocations=17 (full 0):
 garbage-first heap   total 108544K, used 36769K [0x0000000082000000, 0x0000000100000000)
  region size 1024K, 1 young (1024K), 1 survivors (1024K)
 Metaspace       used 52228K, committed 52480K, reserved 1114112K
  class space    used 6231K, committed 6336K, reserved 1048576K
}
Event: 8.514 GC heap before
{Heap before GC invocations=17 (full 0):
 garbage-first heap   total 108544K, used 75681K [0x0000000082000000, 0x0000000100000000)
  region size 1024K, 39 young (39936K), 1 survivors (1024K)
 Metaspace       used 53177K, committed 53440K, reserved 1114112K
  class space    used 6280K, committed 6400K, reserved 1048576K
}
Event: 8.533 GC heap after
{Heap after GC invocations=18 (full 0):
 garbage-first heap   total 108544K, used 43008K [0x0000000082000000, 0x0000000100000000)
  region size 1024K, 5 young (5120K), 5 survivors (5120K)
 Metaspace       used 53177K, committed 53440K, reserved 1114112K
  class space    used 6280K, committed 6400K, reserved 1048576K
}
Event: 9.760 GC heap before
{Heap before GC invocations=18 (full 0):
 garbage-first heap   total 108544K, used 79872K [0x0000000082000000, 0x0000000100000000)
  region size 1024K, 41 young (41984K), 5 survivors (5120K)
 Metaspace       used 57106K, committed 57344K, reserved 1114112K
  class space    used 6696K, committed 6784K, reserved 1048576K
}
Event: 9.775 GC heap after
{Heap after GC invocations=19 (full 0):
 garbage-first heap   total 108544K, used 47175K [0x0000000082000000, 0x0000000100000000)
  region size 1024K, 4 young (4096K), 4 survivors (4096K)
 Metaspace       used 57106K, committed 57344K, reserved 1114112K
  class space    used 6696K, committed 6784K, reserved 1048576K
}
Event: 10.831 GC heap before
{Heap before GC invocations=19 (full 0):
 garbage-first heap   total 108544K, used 81991K [0x0000000082000000, 0x0000000100000000)
  region size 1024K, 38 young (38912K), 4 survivors (4096K)
 Metaspace       used 62377K, committed 62592K, reserved 1114112K
  class space    used 7179K, committed 7296K, reserved 1048576K
}

